<?xml version="1.0" encoding="UTF-8"?>
<testng-results ignored="0" total="1" passed="1" failed="0" skipped="0">
  <reporter-output>
  </reporter-output>
  <suite started-at="2024-12-25T15:45:31 IST" name="Default suite" finished-at="2024-12-25T15:45:38 IST" duration-ms="6702">
    <groups>
    </groups>
    <test started-at="2024-12-25T15:45:31 IST" name="Default test" finished-at="2024-12-25T15:45:38 IST" duration-ms="6702">
      <class name="Test.BlazeRegistTest">
        <test-method is-config="true" signature="setup()[pri:0, instance:Test.BlazeRegistTest@d35dea7]" started-at="2024-12-25T15:45:31 IST" name="setup" finished-at="2024-12-25T15:45:34 IST" duration-ms="3281" status="PASS">
          <reporter-output>
          </reporter-output>
        </test-method> <!-- setup -->
        <test-method is-config="true" signature="URLLoadind()[pri:0, instance:Test.BlazeRegistTest@d35dea7]" started-at="2024-12-25T15:45:34 IST" name="URLLoadind" finished-at="2024-12-25T15:45:36 IST" duration-ms="1749" status="PASS">
          <reporter-output>
          </reporter-output>
        </test-method> <!-- URLLoadind -->
        <test-method signature="test()[pri:0, instance:Test.BlazeRegistTest@d35dea7]" started-at="2024-12-25T15:45:36 IST" name="test" finished-at="2024-12-25T15:45:38 IST" duration-ms="1570" status="PASS">
          <reporter-output>
          </reporter-output>
        </test-method> <!-- test -->
      </class> <!-- Test.BlazeRegistTest -->
    </test> <!-- Default test -->
  </suite> <!-- Default suite -->
</testng-results>
